d:\data structures\editor\editor\debug\vc140.pdb
d:\data structures\editor\editor\debug\vc140.idb
d:\data structures\editor\editor\debug\consoleui.obj
d:\data structures\editor\editor\debug\editor.obj
d:\data structures\editor\editor\debug\node.obj
d:\data structures\editor\editor\debug\program.obj
d:\data structures\editor\editor\debug\stringlinkedlist.obj
d:\data structures\editor\debug\editor.ilk
d:\data structures\editor\debug\editor.exe
d:\data structures\editor\debug\editor.pdb
e:\data structures\editor\editor\debug\node.obj
e:\data structures\editor\editor\debug\stringlinkedlist.obj
e:\data structures\editor\editor\debug\program.obj
e:\data structures\editor\editor\debug\consoleui.obj
e:\data structures\editor\editor\debug\editor.obj
e:\data structures\editor\editor\debug\vc140.idb
e:\data structures\editor\editor\debug\vc140.pdb
e:\data structures\editor\debug\editor.pdb
e:\data structures\editor\debug\editor.exe
e:\data structures\editor\debug\editor.ilk
e:\data structures\editor\editor\debug\editor.tlog\cl.read.1.tlog
e:\data structures\editor\editor\debug\editor.tlog\cl.write.1.tlog
e:\data structures\editor\editor\debug\editor.tlog\cl.command.1.tlog
e:\data structures\editor\editor\debug\editor.tlog\link.read.1.tlog
e:\data structures\editor\editor\debug\editor.tlog\link.write.1.tlog
e:\data structures\editor\editor\debug\editor.tlog\link.command.1.tlog
